info it worked if it ends with ok
verbose cli [ 'node', '/Users/messel/.nvm/v0.6.16/bin/npm', 'install' ]
info using npm@1.1.19
info using node@v0.6.16
verbose config file /Users/messel/.npmrc
verbose config file /Users/messel/.nvm/v0.6.16/etc/npmrc
verbose config file /Users/messel/.nvm/v0.6.16/lib/node_modules/npm/npmrc
verbose has wscript [ undefined,
verbose has wscript   { dev: true,
verbose has wscript     file: '/Users/messel/Desktop/Dropbox/mark_code/cs/nodeModuleTemplate/package.json',
verbose has wscript     gypfile: false,
verbose has wscript     contributors: false,
verbose has wscript     serverjs: false,
verbose has wscript     wscript: true } ]
verbose caching /Users/messel/Desktop/Dropbox/mark_code/cs/nodeModuleTemplate/package.json
verbose loadDefaults ModuleName@0.0.1
verbose readDependencies: using package.json deps
verbose where, deps [ '/Users/messel/Desktop/Dropbox/mark_code/cs/nodeModuleTemplate',
verbose where, deps   [ 'coffee-script' ] ]
verbose from cache /Users/messel/Desktop/Dropbox/mark_code/cs/nodeModuleTemplate/package.json
info preinstall ModuleName@0.0.1
verbose unsafe-perm in lifecycle true
silly exec sh "-c" "node-waf configure build"
silly spawning [ 'sh',
silly spawning   [ '-c', 'node-waf configure build' ],
silly spawning   '/Users/messel/Desktop/Dropbox/mark_code/cs/nodeModuleTemplate' ]
info ModuleName@0.0.1 Failed to exec preinstall script
ERR! ModuleName@0.0.1 preinstall: `node-waf configure build`
ERR! `sh "-c" "node-waf configure build"` failed with 1
ERR! 
ERR! Failed at the ModuleName@0.0.1 preinstall script.
ERR! This is most likely a problem with the ModuleName package,
ERR! not with npm itself.
ERR! Tell the author that this fails on your system:
ERR!     node-waf configure build
ERR! You can get their info via:
ERR!     npm owner ls ModuleName
ERR! There is likely additional logging output above.
ERR! 
ERR! System Darwin 11.4.0
ERR! command "node" "/Users/messel/.nvm/v0.6.16/bin/npm" "install"
ERR! cwd /Users/messel/Desktop/Dropbox/mark_code/cs/nodeModuleTemplate
ERR! node -v v0.6.16
ERR! npm -v 1.1.19
ERR! code ELIFECYCLE
ERR! message ModuleName@0.0.1 preinstall: `node-waf configure build`
ERR! message `sh "-c" "node-waf configure build"` failed with 1
ERR! errno {}
verbose exit [ 1, true ]
